<?xml version="1.0" encoding="UTF-8"?>
<testsuite name="AreaOfRectangleTest" tests="1" skipped="0" failures="0" errors="0" timestamp="2023-09-11T09:05:44" hostname="Ninads-MacBook-Pro.local" time="0.009">
  <properties/>
  <testcase name="shouldCorrectlyCalculateAreaOfRectangle()" classname="AreaOfRectangleTest" time="0.009"/>
  <system-out><![CDATA[]]></system-out>
  <system-err><![CDATA[]]></system-err>
</testsuite>
